<?xml version="1.0" encoding="UTF-8"?>
<!-- Generated by org.testng.reporters.JUnitReportReporter -->
<testsuite hostname="HP-PC" name="demo.IntigtaringWitListner" tests="1" failures="0" timestamp="28 Aug 2019 07:52:37 GMT" time="17.774" errors="0">
  <testcase name="Demo1" time="17.774" classname="demo.IntigtaringWitListner"/>
</testsuite> <!-- demo.IntigtaringWitListner -->
