<?xml version="1.0" encoding="UTF-8"?>
<!-- Generated by org.testng.reporters.JUnitReportReporter -->
<testsuite skipped="0" hostname="HP-PC" name="demo.Testdemo" tests="1" failures="0" timestamp="28 Aug 2019 06:50:46 GMT" time="22.469" errors="0">
  <testcase name="testOne" time="22.469" classname="demo.Testdemo"/>
</testsuite> <!-- demo.Testdemo -->
